Using pre-set license
Built from '2020.3/staging' branch; Version is '2020.3.20f1 (41c4e627c95f) revision 4310246'; Using compiler version '192528614'; Build Type 'Release'
OS: 'Windows 10 Home; OS build 19043.1288; Version 2009; 64bit' Language: 'fr' Physical Memory: 16258 MB
BatchMode: 1, IsHumanControllingUs: 0, StartBugReporterOnCrash: 0, Is64bit: 1, IsPro: 0

COMMAND LINE ARGUMENTS:
D:\Windows\Documents\Unity Editor\2020.3.20f1\Editor\Unity.exe
-adb2
-batchMode
-noUpm
-name
AssetImportWorker0
-projectPath
D:/Windows/Documents/GitHub/LaserGunGame
-logFile
Logs/AssetImportWorker0.log
-srvPort
56559
Successfully changed project path to: D:/Windows/Documents/GitHub/LaserGunGame
D:/Windows/Documents/GitHub/LaserGunGame
Using Asset Import Pipeline V2.
Refreshing native plugins compatible for Editor in 39.06 ms, found 2 plugins.
Preloading 0 native plugins for Editor in 0.00 ms.
Initialize engine version: 2020.3.20f1 (41c4e627c95f)
[Subsystems] Discovering subsystems at path D:/Windows/Documents/Unity Editor/2020.3.20f1/Editor/Data/Resources/UnitySubsystems
[Subsystems] Discovering subsystems at path D:/Windows/Documents/GitHub/LaserGunGame/Assets
GfxDevice: creating device client; threaded=0
Direct3D:
    Version:  Direct3D 11.0 [level 11.1]
    Renderer: NVIDIA GeForce RTX 2060 (ID=0x1f08)
    Vendor:   
    VRAM:     5980 MB
    Driver:   30.0.14.9613
Initialize mono
Mono path[0] = 'D:/Windows/Documents/Unity Editor/2020.3.20f1/Editor/Data/Managed'
Mono path[1] = 'D:/Windows/Documents/Unity Editor/2020.3.20f1/Editor/Data/MonoBleedingEdge/lib/mono/unityjit'
Mono config path = 'D:/Windows/Documents/Unity Editor/2020.3.20f1/Editor/Data/MonoBleedingEdge/etc'
Using monoOptions --debugger-agent=transport=dt_socket,embedding=1,server=y,suspend=n,address=127.0.0.1:56844
Begin MonoManager ReloadAssembly
Registering precompiled unity dll's ...
Register platform support module: D:/Windows/Documents/Unity Editor/2020.3.20f1/Editor/Data/PlaybackEngines/WindowsStandaloneSupport/UnityEditor.WindowsStandalone.Extensions.dll
Registered in 0.001281 seconds.
Native extension for WindowsStandalone target not found
Refreshing native plugins compatible for Editor in 32.68 ms, found 2 plugins.
Preloading 0 native plugins for Editor in 0.00 ms.
Mono: successfully reloaded assembly
- Completed reload, in  1.351 seconds
Domain Reload Profiling:
	ReloadAssembly (1352ms)
		BeginReloadAssembly (74ms)
			ExecutionOrderSort (0ms)
			DisableScriptedObjects (0ms)
			BackupInstance (0ms)
			ReleaseScriptingObjects (0ms)
			CreateAndSetChildDomain (1ms)
		EndReloadAssembly (412ms)
			LoadAssemblies (73ms)
			RebuildTransferFunctionScriptingTraits (0ms)
			SetupTypeCache (153ms)
			ReleaseScriptCaches (0ms)
			RebuildScriptCaches (32ms)
			SetupLoadedEditorAssemblies (159ms)
				LogAssemblyErrors (0ms)
				InitializePlatformSupportModulesInManaged (4ms)
				SetLoadedEditorAssemblies (0ms)
				RefreshPlugins (33ms)
				BeforeProcessingInitializeOnLoad (16ms)
				ProcessInitializeOnLoadAttributes (78ms)
				ProcessInitializeOnLoadMethodAttributes (28ms)
				AfterProcessingInitializeOnLoad (0ms)
				EditorAssembliesLoaded (0ms)
			ExecutionOrderSort2 (0ms)
			AwakeInstancesAfterBackupRestoration (0ms)
Platform modules already initialized, skipping
Registering precompiled user dll's ...
Registered in 0.004349 seconds.
Begin MonoManager ReloadAssembly
Native extension for WindowsStandalone target not found
Refreshing native plugins compatible for Editor in 0.39 ms, found 2 plugins.
Preloading 0 native plugins for Editor in 0.00 ms.
Mono: successfully reloaded assembly
- Completed reload, in  1.097 seconds
Domain Reload Profiling:
	ReloadAssembly (1098ms)
		BeginReloadAssembly (162ms)
			ExecutionOrderSort (0ms)
			DisableScriptedObjects (5ms)
			BackupInstance (0ms)
			ReleaseScriptingObjects (0ms)
			CreateAndSetChildDomain (19ms)
		EndReloadAssembly (875ms)
			LoadAssemblies (118ms)
			RebuildTransferFunctionScriptingTraits (0ms)
			SetupTypeCache (311ms)
			ReleaseScriptCaches (0ms)
			RebuildScriptCaches (51ms)
			SetupLoadedEditorAssemblies (315ms)
				LogAssemblyErrors (0ms)
				InitializePlatformSupportModulesInManaged (5ms)
				SetLoadedEditorAssemblies (0ms)
				RefreshPlugins (0ms)
				BeforeProcessingInitializeOnLoad (78ms)
				ProcessInitializeOnLoadAttributes (219ms)
				ProcessInitializeOnLoadMethodAttributes (11ms)
				AfterProcessingInitializeOnLoad (2ms)
				EditorAssembliesLoaded (0ms)
			ExecutionOrderSort2 (0ms)
			AwakeInstancesAfterBackupRestoration (6ms)
Platform modules already initialized, skipping
========================================================================
Worker process is ready to serve import requests
Launched and connected shader compiler UnityShaderCompiler.exe after 0.05 seconds
Refreshing native plugins compatible for Editor in 0.34 ms, found 2 plugins.
Preloading 0 native plugins for Editor in 0.00 ms.
Unloading 1689 Unused Serialized files (Serialized files now loaded: 0)
System memory in use before: 74.2 MB.
System memory in use after: 74.3 MB.

Unloading 21 unused Assets to reduce memory usage. Loaded Objects now: 2119.
Total: 2.976000 ms (FindLiveObjects: 0.146500 ms CreateObjectMapping: 0.050800 ms MarkObjects: 2.709300 ms  DeleteObjects: 0.067900 ms)

AssetImportParameters requested are different than current active one (requested -> active):
  custom:framework-win-MediaFoundation: 216162199b28c13a410421893ffa2e32 -> 
  custom:video-decoder-ogg-theora: a1e56fd34408186e4bbccfd4996cb3dc -> 
  custom:container-muxer-webm: aa71ff27fc2769a1b78a27578f13a17b -> 
  custom:container-demuxer-webm: 4f35f7cbe854078d1ac9338744f61a02 -> 
  custom:container-demuxer-ogg: 62fdf1f143b41e24485cea50d1cbac27 -> 
  custom:video-encoder-webm-vp8: eb34c28f22e8b96e1ab97ce403110664 -> 
  custom:video-decoder-webm-vp8: 9c59270c3fd7afecdb556c50c9e8de78 -> 
  custom:audio-decoder-ogg-vorbis: bf7c407c2cedff20999df2af8eb42d56 -> 
  custom:audio-encoder-webm-vorbis: bf7c407c2cedff20999df2af8eb42d56 -> 
========================================================================
Received Import Request.
  path: Assets/Prefabs/Player.prefab
  artifactKey: Guid(7ba9a9338e20cb04aa46aad9b1f6e6a1) Importer(815301076,1909f56bfc062723c751e8b465ee728b)
Start importing Assets/Prefabs/Player.prefab using Guid(7ba9a9338e20cb04aa46aad9b1f6e6a1) Importer(815301076,1909f56bfc062723c751e8b465ee728b)  -> (artifact id: '18ec46edfa68c9f2874ed07f53c39e62') in 0.110908 seconds 
  Import took 0.113618 seconds .

========================================================================
Received Import Request.
  Time since last request: 17.947788 seconds.
  path: Assets/Prefabs/Player.prefab
  artifactKey: Guid(7ba9a9338e20cb04aa46aad9b1f6e6a1) Importer(815301076,1909f56bfc062723c751e8b465ee728b)
Start importing Assets/Prefabs/Player.prefab using Guid(7ba9a9338e20cb04aa46aad9b1f6e6a1) Importer(815301076,1909f56bfc062723c751e8b465ee728b)  -> (artifact id: 'feecfef2d4e1b1bd0f8026b94fee1978') in 0.011846 seconds 
  Import took 0.054454 seconds .

========================================================================
Received Import Request.
  Time since last request: 1.649444 seconds.
  path: Assets/Prefabs/Player.prefab
  artifactKey: Guid(7ba9a9338e20cb04aa46aad9b1f6e6a1) Importer(815301076,1909f56bfc062723c751e8b465ee728b)
Start importing Assets/Prefabs/Player.prefab using Guid(7ba9a9338e20cb04aa46aad9b1f6e6a1) Importer(815301076,1909f56bfc062723c751e8b465ee728b)  -> (artifact id: '4157eddbbda7be2c19b0faf264da112b') in 0.011275 seconds 
  Import took 0.015219 seconds .

========================================================================
Received Import Request.
  Time since last request: 8.477277 seconds.
  path: Assets/Prefabs/Player.prefab
  artifactKey: Guid(7ba9a9338e20cb04aa46aad9b1f6e6a1) Importer(815301076,1909f56bfc062723c751e8b465ee728b)
Start importing Assets/Prefabs/Player.prefab using Guid(7ba9a9338e20cb04aa46aad9b1f6e6a1) Importer(815301076,1909f56bfc062723c751e8b465ee728b)  -> (artifact id: 'c061e317767690ea91d6af0b4326985c') in 0.015562 seconds 
  Import took 0.021073 seconds .

========================================================================
Received Import Request.
  Time since last request: 86.047993 seconds.
  path: Assets/Prefabs/Player.prefab
  artifactKey: Guid(7ba9a9338e20cb04aa46aad9b1f6e6a1) Importer(815301076,1909f56bfc062723c751e8b465ee728b)
Start importing Assets/Prefabs/Player.prefab using Guid(7ba9a9338e20cb04aa46aad9b1f6e6a1) Importer(815301076,1909f56bfc062723c751e8b465ee728b)  -> (artifact id: 'bdc6f3de2c4c82bdf282f823236a9716') in 0.011189 seconds 
  Import took 0.014658 seconds .

========================================================================
Received Import Request.
  Time since last request: 2.455185 seconds.
  path: Assets/Prefabs/Player.prefab
  artifactKey: Guid(7ba9a9338e20cb04aa46aad9b1f6e6a1) Importer(815301076,1909f56bfc062723c751e8b465ee728b)
Start importing Assets/Prefabs/Player.prefab using Guid(7ba9a9338e20cb04aa46aad9b1f6e6a1) Importer(815301076,1909f56bfc062723c751e8b465ee728b)  -> (artifact id: 'fac8ba36731b8770f17dc17674cf0537') in 0.015116 seconds 
  Import took 0.023924 seconds .

========================================================================
Received Import Request.
  Time since last request: 26.030880 seconds.
  path: Assets/Prefabs/Player.prefab
  artifactKey: Guid(7ba9a9338e20cb04aa46aad9b1f6e6a1) Importer(815301076,1909f56bfc062723c751e8b465ee728b)
Start importing Assets/Prefabs/Player.prefab using Guid(7ba9a9338e20cb04aa46aad9b1f6e6a1) Importer(815301076,1909f56bfc062723c751e8b465ee728b)  -> (artifact id: '285690c5008f50fcf4dd1e331b889f5c') in 0.011057 seconds 
  Import took 0.030161 seconds .

========================================================================
Received Prepare
Refreshing native plugins compatible for Editor in 3.44 ms, found 2 plugins.
Preloading 0 native plugins for Editor in 0.00 ms.
Unloading 14 Unused Serialized files (Serialized files now loaded: 0)
System memory in use before: 44.0 MB.
System memory in use after: 44.1 MB.

Unloading 15 unused Assets to reduce memory usage. Loaded Objects now: 2128.
Total: 3.236700 ms (FindLiveObjects: 0.142300 ms CreateObjectMapping: 0.054600 ms MarkObjects: 3.016900 ms  DeleteObjects: 0.021700 ms)

AssetImportParameters requested are different than current active one (requested -> active):
  custom:framework-win-MediaFoundation: 216162199b28c13a410421893ffa2e32 -> 
  custom:video-decoder-ogg-theora: a1e56fd34408186e4bbccfd4996cb3dc -> 
  custom:container-muxer-webm: aa71ff27fc2769a1b78a27578f13a17b -> 
  custom:container-demuxer-webm: 4f35f7cbe854078d1ac9338744f61a02 -> 
  custom:container-demuxer-ogg: 62fdf1f143b41e24485cea50d1cbac27 -> 
  custom:video-encoder-webm-vp8: eb34c28f22e8b96e1ab97ce403110664 -> 
  custom:video-decoder-webm-vp8: 9c59270c3fd7afecdb556c50c9e8de78 -> 
  custom:audio-decoder-ogg-vorbis: bf7c407c2cedff20999df2af8eb42d56 -> 
  custom:audio-encoder-webm-vorbis: bf7c407c2cedff20999df2af8eb42d56 -> 
========================================================================
Received Prepare
Registering precompiled user dll's ...
Registered in 0.010463 seconds.
Begin MonoManager ReloadAssembly
Native extension for WindowsStandalone target not found
Refreshing native plugins compatible for Editor in 0.63 ms, found 2 plugins.
Preloading 0 native plugins for Editor in 0.00 ms.
Mono: successfully reloaded assembly
- Completed reload, in  3.458 seconds
Domain Reload Profiling:
	ReloadAssembly (3459ms)
		BeginReloadAssembly (293ms)
			ExecutionOrderSort (0ms)
			DisableScriptedObjects (12ms)
			BackupInstance (0ms)
			ReleaseScriptingObjects (0ms)
			CreateAndSetChildDomain (68ms)
		EndReloadAssembly (3024ms)
			LoadAssemblies (336ms)
			RebuildTransferFunctionScriptingTraits (0ms)
			SetupTypeCache (917ms)
			ReleaseScriptCaches (1ms)
			RebuildScriptCaches (95ms)
			SetupLoadedEditorAssemblies (1311ms)
				LogAssemblyErrors (0ms)
				InitializePlatformSupportModulesInManaged (11ms)
				SetLoadedEditorAssemblies (1ms)
				RefreshPlugins (1ms)
				BeforeProcessingInitializeOnLoad (161ms)
				ProcessInitializeOnLoadAttributes (1037ms)
				ProcessInitializeOnLoadMethodAttributes (83ms)
				AfterProcessingInitializeOnLoad (16ms)
				EditorAssembliesLoaded (1ms)
			ExecutionOrderSort2 (0ms)
			AwakeInstancesAfterBackupRestoration (70ms)
Platform modules already initialized, skipping
Refreshing native plugins compatible for Editor in 0.77 ms, found 2 plugins.
Preloading 0 native plugins for Editor in 0.00 ms.
Unloading 1683 Unused Serialized files (Serialized files now loaded: 0)
System memory in use before: 77.2 MB.
System memory in use after: 77.3 MB.

Unloading 16 unused Assets to reduce memory usage. Loaded Objects now: 2130.
Total: 6.898900 ms (FindLiveObjects: 0.326000 ms CreateObjectMapping: 0.512600 ms MarkObjects: 6.033800 ms  DeleteObjects: 0.020000 ms)

AssetImportParameters requested are different than current active one (requested -> active):
  custom:framework-win-MediaFoundation: 216162199b28c13a410421893ffa2e32 -> 
  custom:video-decoder-ogg-theora: a1e56fd34408186e4bbccfd4996cb3dc -> 
  custom:container-muxer-webm: aa71ff27fc2769a1b78a27578f13a17b -> 
  custom:container-demuxer-webm: 4f35f7cbe854078d1ac9338744f61a02 -> 
  custom:container-demuxer-ogg: 62fdf1f143b41e24485cea50d1cbac27 -> 
  custom:video-encoder-webm-vp8: eb34c28f22e8b96e1ab97ce403110664 -> 
  custom:video-decoder-webm-vp8: 9c59270c3fd7afecdb556c50c9e8de78 -> 
  custom:audio-decoder-ogg-vorbis: bf7c407c2cedff20999df2af8eb42d56 -> 
  custom:audio-encoder-webm-vorbis: bf7c407c2cedff20999df2af8eb42d56 -> 
========================================================================
Received Prepare
Registering precompiled user dll's ...
Registered in 0.005082 seconds.
Begin MonoManager ReloadAssembly
Native extension for WindowsStandalone target not found
Refreshing native plugins compatible for Editor in 0.47 ms, found 2 plugins.
Preloading 0 native plugins for Editor in 0.00 ms.
Mono: successfully reloaded assembly
- Completed reload, in  1.950 seconds
Domain Reload Profiling:
	ReloadAssembly (1951ms)
		BeginReloadAssembly (289ms)
			ExecutionOrderSort (0ms)
			DisableScriptedObjects (9ms)
			BackupInstance (0ms)
			ReleaseScriptingObjects (0ms)
			CreateAndSetChildDomain (65ms)
		EndReloadAssembly (1540ms)
			LoadAssemblies (276ms)
			RebuildTransferFunctionScriptingTraits (0ms)
			SetupTypeCache (539ms)
			ReleaseScriptCaches (1ms)
			RebuildScriptCaches (65ms)
			SetupLoadedEditorAssemblies (533ms)
				LogAssemblyErrors (0ms)
				InitializePlatformSupportModulesInManaged (9ms)
				SetLoadedEditorAssemblies (1ms)
				RefreshPlugins (1ms)
				BeforeProcessingInitializeOnLoad (115ms)
				ProcessInitializeOnLoadAttributes (366ms)
				ProcessInitializeOnLoadMethodAttributes (17ms)
				AfterProcessingInitializeOnLoad (24ms)
				EditorAssembliesLoaded (1ms)
			ExecutionOrderSort2 (0ms)
			AwakeInstancesAfterBackupRestoration (21ms)
Platform modules already initialized, skipping
Refreshing native plugins compatible for Editor in 0.57 ms, found 2 plugins.
Preloading 0 native plugins for Editor in 0.00 ms.
Unloading 1683 Unused Serialized files (Serialized files now loaded: 0)
System memory in use before: 77.2 MB.
System memory in use after: 77.4 MB.

Unloading 16 unused Assets to reduce memory usage. Loaded Objects now: 2132.
Total: 4.452100 ms (FindLiveObjects: 0.368800 ms CreateObjectMapping: 0.267600 ms MarkObjects: 3.795400 ms  DeleteObjects: 0.019000 ms)

AssetImportParameters requested are different than current active one (requested -> active):
  custom:framework-win-MediaFoundation: 216162199b28c13a410421893ffa2e32 -> 
  custom:video-decoder-ogg-theora: a1e56fd34408186e4bbccfd4996cb3dc -> 
  custom:container-muxer-webm: aa71ff27fc2769a1b78a27578f13a17b -> 
  custom:container-demuxer-webm: 4f35f7cbe854078d1ac9338744f61a02 -> 
  custom:container-demuxer-ogg: 62fdf1f143b41e24485cea50d1cbac27 -> 
  custom:video-encoder-webm-vp8: eb34c28f22e8b96e1ab97ce403110664 -> 
  custom:video-decoder-webm-vp8: 9c59270c3fd7afecdb556c50c9e8de78 -> 
  custom:audio-decoder-ogg-vorbis: bf7c407c2cedff20999df2af8eb42d56 -> 
  custom:audio-encoder-webm-vorbis: bf7c407c2cedff20999df2af8eb42d56 -> 
========================================================================
Received Import Request.
  Time since last request: 290.457924 seconds.
  path: Assets/Prefabs/Player.prefab
  artifactKey: Guid(7ba9a9338e20cb04aa46aad9b1f6e6a1) Importer(815301076,1909f56bfc062723c751e8b465ee728b)
Start importing Assets/Prefabs/Player.prefab using Guid(7ba9a9338e20cb04aa46aad9b1f6e6a1) Importer(815301076,1909f56bfc062723c751e8b465ee728b)  -> (artifact id: 'ae44939d212074c4a765a9b4d294a203') in 0.133260 seconds 
  Import took 0.163180 seconds .

========================================================================
Received Import Request.
  Time since last request: 7.267249 seconds.
  path: Assets/Prefabs/Player.prefab
  artifactKey: Guid(7ba9a9338e20cb04aa46aad9b1f6e6a1) Importer(815301076,1909f56bfc062723c751e8b465ee728b)
Start importing Assets/Prefabs/Player.prefab using Guid(7ba9a9338e20cb04aa46aad9b1f6e6a1) Importer(815301076,1909f56bfc062723c751e8b465ee728b)  -> (artifact id: '129ea17fab2106ee726aceedcb959351') in 0.019723 seconds 
  Import took 0.034029 seconds .

========================================================================
Received Import Request.
  Time since last request: 8.953227 seconds.
  path: Assets/Prefabs/Player.prefab
  artifactKey: Guid(7ba9a9338e20cb04aa46aad9b1f6e6a1) Importer(815301076,1909f56bfc062723c751e8b465ee728b)
Start importing Assets/Prefabs/Player.prefab using Guid(7ba9a9338e20cb04aa46aad9b1f6e6a1) Importer(815301076,1909f56bfc062723c751e8b465ee728b)  -> (artifact id: '6f132dc1fff05dfa058bb91fded25083') in 0.038823 seconds 
  Import took 0.068215 seconds .

========================================================================
Received Import Request.
  Time since last request: 60.742181 seconds.
  path: Assets/Prefabs/Player.prefab
  artifactKey: Guid(7ba9a9338e20cb04aa46aad9b1f6e6a1) Importer(815301076,1909f56bfc062723c751e8b465ee728b)
Start importing Assets/Prefabs/Player.prefab using Guid(7ba9a9338e20cb04aa46aad9b1f6e6a1) Importer(815301076,1909f56bfc062723c751e8b465ee728b)  -> (artifact id: '4debfe7113196567f8943e9b44570612') in 0.019673 seconds 
  Import took 0.064442 seconds .

========================================================================
Received Import Request.
  Time since last request: 15.146396 seconds.
  path: Assets/Prefabs/Player.prefab
  artifactKey: Guid(7ba9a9338e20cb04aa46aad9b1f6e6a1) Importer(815301076,1909f56bfc062723c751e8b465ee728b)
Start importing Assets/Prefabs/Player.prefab using Guid(7ba9a9338e20cb04aa46aad9b1f6e6a1) Importer(815301076,1909f56bfc062723c751e8b465ee728b)  -> (artifact id: '0fec721acf42ed4c0774d0ca7ec003e5') in 0.016136 seconds 
  Import took 0.054004 seconds .

========================================================================
Received Import Request.
  Time since last request: 21.863477 seconds.
  path: Assets/Prefabs/Player.prefab
  artifactKey: Guid(7ba9a9338e20cb04aa46aad9b1f6e6a1) Importer(815301076,1909f56bfc062723c751e8b465ee728b)
Start importing Assets/Prefabs/Player.prefab using Guid(7ba9a9338e20cb04aa46aad9b1f6e6a1) Importer(815301076,1909f56bfc062723c751e8b465ee728b)  -> (artifact id: 'd65a965599dddea590b7da31186ac701') in 0.016471 seconds 
  Import took 0.021619 seconds .

========================================================================
Received Import Request.
  Time since last request: 67.960647 seconds.
  path: Assets/Prefabs/Player (1).prefab
  artifactKey: Guid(40fbad6d3401da84e896e6d772802841) Importer(815301076,1909f56bfc062723c751e8b465ee728b)
Start importing Assets/Prefabs/Player (1).prefab using Guid(40fbad6d3401da84e896e6d772802841) Importer(815301076,1909f56bfc062723c751e8b465ee728b)  -> (artifact id: 'bd721cefb9660321fc66394554f2f78e') in 0.015663 seconds 
  Import took 0.019575 seconds .

========================================================================
Received Import Request.
  Time since last request: 7.569186 seconds.
  path: Assets/Prefabs/Player.prefab
  artifactKey: Guid(40fbad6d3401da84e896e6d772802841) Importer(815301076,1909f56bfc062723c751e8b465ee728b)
Start importing Assets/Prefabs/Player.prefab using Guid(40fbad6d3401da84e896e6d772802841) Importer(815301076,1909f56bfc062723c751e8b465ee728b)  -> (artifact id: '5ac138a4b8e7bd30fc7e01f6a44e9139') in 0.016765 seconds 
  Import took 0.029622 seconds .

